<?xml version="1.0"?>
<Locations >
  <Project >
    <file_marker column=" 1" line=" 1" >
      <vfs_project>D:\adaProjects\test.gpr</vfs_project>
      <vfs_file>D:\adaProjects\src\main.adb</vfs_file>
    </file_marker>
    <file_marker column=" 30" line=" 8" >
      <vfs_project>D:\adaProjects\test.gpr</vfs_project>
      <vfs_file>D:\adaProjects\src\main.adb</vfs_file>
    </file_marker>
    <file_marker column=" 18" line=" 5" >
      <vfs_project>D:\adaProjects\test.gpr</vfs_project>
      <vfs_file>D:\adaProjects\src\main.adb</vfs_file>
    </file_marker>
    <file_marker current="true" column=" 30" line=" 8" >
      <vfs_project>D:\adaProjects\test.gpr</vfs_project>
      <vfs_file>D:\adaProjects\src\main.adb</vfs_file>
    </file_marker>
  </Project>
</Locations>
